--> Running linter for code
level=error msg="[linters context] typechecking error: C:\\SOURCE\\erigon\\erigon-alpha\\eth\\gasprice\\feehistory.go:96:40: invalid operation: cannot compare bf.receipts == nil (operator == not defined on untyped nil)"
level=error msg="[linters context] typechecking error: C:\\SOURCE\\erigon\\erigon-alpha\\turbo\\stages\\mock_sentry.go:402:13: missing type in composite literal"
level=error msg="[linters context] typechecking error: C:\\SOURCE\\erigon\\erigon-alpha\\turbo\\stages\\mock_sentry.go:395:2: funds declared but not used"
level=error msg="[linters context] typechecking error: C:\\SOURCE\\erigon\\erigon-alpha\\turbo\\stages\\mock_sentry.go:397:2: address declared but not used"
level=error msg="[linters context] typechecking error: C:\\SOURCE\\erigon\\erigon-alpha\\turbo\\stages\\mock_sentry.go:416:13: missing type in composite literal"
level=error msg="[linters context] typechecking error: C:\\SOURCE\\erigon\\erigon-alpha\\turbo\\stages\\mock_sentry.go:409:2: funds declared but not used"
level=error msg="[linters context] typechecking error: C:\\SOURCE\\erigon\\erigon-alpha\\turbo\\stages\\mock_sentry.go:411:2: address declared but not used"
level=error msg="[linters context] typechecking error: C:\\SOURCE\\erigon\\erigon-alpha\\turbo\\stages\\mock_sentry.go:432:13: missing type in composite literal"
level=error msg="[linters context] typechecking error: C:\\SOURCE\\erigon\\erigon-alpha\\turbo\\stages\\mock_sentry.go:424:2: funds declared but not used"
level=error msg="[linters context] typechecking error: C:\\SOURCE\\erigon\\erigon-alpha\\turbo\\stages\\mock_sentry.go:426:2: address declared but not used"
level=error msg="[linters context] typechecking error: C:\\SOURCE\\erigon\\erigon-alpha\\turbo\\transactions\\tracing.go:243:39: invalid operation: cannot compare l.storage[contract.Address()] == nil (operator == not defined on untyped nil)"
level=error msg="[linters context] typechecking error: C:\\SOURCE\\erigon\\erigon-alpha\\turbo\\transactions\\tracing.go:260:5: address declared but not used"
level=error msg="[linters context] typechecking error: C:\\SOURCE\\erigon\\erigon-alpha\\eth\\ethconsensusconfig\\config.go:25:7: \tprevious case"
level=error msg="[linters context] typechecking error: C:\\SOURCE\\erigon\\erigon-alpha\\eth\\backend.go:65:2: \"github.com/ledgerwatch/erigon/consensus/serenity\" imported but not used"
level=error msg="[linters context] typechecking error: C:\\SOURCE\\erigon\\erigon-alpha\\p2p\\simulations\\http.go:666:7: node.ServeRPC undefined (type *Node has no field or method ServeRPC)"
level=error msg="[linters context] typechecking error: C:\\SOURCE\\erigon\\erigon-alpha\\p2p\\simulations\\network.go:190:17: node.Start undefined (type *Node has no field or method Start)"
level=error msg="[linters context] typechecking error: C:\\SOURCE\\erigon\\erigon-alpha\\p2p\\simulations\\network.go:200:22: node.Client undefined (type *Node has no field or method Client)"
level=error msg="[linters context] typechecking error: C:\\SOURCE\\erigon\\erigon-alpha\\p2p\\simulations\\network.go:290:13: node.Stop undefined (type *Node has no field or method Stop)"
level=error msg="[linters context] typechecking error: C:\\SOURCE\\erigon\\erigon-alpha\\p2p\\simulations\\network.go:319:26: conn.one.Client undefined (type *Node has no field or method Client)"
level=error msg="[linters context] typechecking error: C:\\SOURCE\\erigon\\erigon-alpha\\p2p\\simulations\\network.go:324:61: conn.other.Addr undefined (type *Node has no field or method Addr)"
level=error msg="[linters context] typechecking error: C:\\SOURCE\\erigon\\erigon-alpha\\p2p\\simulations\\network.go:337:26: conn.one.Client undefined (type *Node has no field or method Client)"
level=error msg="[linters context] typechecking error: C:\\SOURCE\\erigon\\erigon-alpha\\p2p\\simulations\\network.go:342:64: conn.other.Addr undefined (type *Node has no field or method Addr)"
level=error msg="[linters context] typechecking error: C:\\SOURCE\\erigon\\erigon-alpha\\p2p\\simulations\\network.go:695:18: node.Stop undefined (type *Node has no field or method Stop)"
level=error msg="[linters context] typechecking error: C:\\SOURCE\\erigon\\erigon-alpha\\p2p\\simulations\\network.go:772:15: invalid operation: cannot compare n.Node == nil (operator == not defined on untyped nil)"
level=error msg="[linters context] typechecking error: C:\\SOURCE\\erigon\\erigon-alpha\\p2p\\simulations\\network.go:907:26: node.Snapshots undefined (type *Node has no field or method Snapshots)"
level=error msg="[linters context] typechecking error: C:\\SOURCE\\erigon\\erigon-alpha\\p2p\\simulations\\network.go:25:2: \"io\" imported but not used"
level=error msg="[linters context] typechecking error: C:\\SOURCE\\erigon\\erigon-alpha\\cmd\\pics\\state.go:277:15: missing type in composite literal"
level=error msg="[linters context] typechecking error: C:\\SOURCE\\erigon\\erigon-alpha\\cmd\\pics\\state.go:278:15: missing type in composite literal"
level=error msg="[linters context] typechecking error: C:\\SOURCE\\erigon\\erigon-alpha\\cmd\\pics\\state.go:279:15: missing type in composite literal"
level=error msg="[linters context] typechecking error: C:\\SOURCE\\erigon\\erigon-alpha\\cmd\\rpcdaemon\\rpcdaemontest\\test_util.go:81:15: missing type in composite literal"
level=error msg="[linters context] typechecking error: C:\\SOURCE\\erigon\\erigon-alpha\\cmd\\rpcdaemon\\rpcdaemontest\\test_util.go:82:15: missing type in composite literal"
level=error msg="[linters context] typechecking error: C:\\SOURCE\\erigon\\erigon-alpha\\cmd\\rpcdaemon\\rpcdaemontest\\test_util.go:83:15: missing type in composite literal"
level=error msg="[linters context] typechecking error: C:\\SOURCE\\erigon\\erigon-alpha\\cmd\\rpcdaemon\\rpcdaemontest\\test_util.go:72:3: address declared but not used"
level=error msg="[linters context] typechecking error: C:\\SOURCE\\erigon\\erigon-alpha\\cmd\\rpcdaemon\\rpcdaemontest\\test_util.go:73:3: address1 declared but not used"
level=error msg="[linters context] typechecking error: C:\\SOURCE\\erigon\\erigon-alpha\\cmd\\rpcdaemon\\rpcdaemontest\\test_util.go:74:3: address2 declared but not used"
level=error msg="[linters context] typechecking error: C:\\SOURCE\\erigon\\erigon-alpha\\cmd\\rpcdaemon\\rpcdaemontest\\test_util.go:22:2: \"github.com/ledgerwatch/erigon/consensus/ethash\" imported but not used"
level=error msg="[linters context] typechecking error: C:\\SOURCE\\erigon\\erigon-alpha\\cmd\\rpcdaemon22\\rpcdaemontest\\test_util.go:82:15: missing type in composite literal"
level=error msg="[linters context] typechecking error: C:\\SOURCE\\erigon\\erigon-alpha\\cmd\\rpcdaemon22\\rpcdaemontest\\test_util.go:83:15: missing type in composite literal"
level=error msg="[linters context] typechecking error: C:\\SOURCE\\erigon\\erigon-alpha\\cmd\\rpcdaemon22\\rpcdaemontest\\test_util.go:84:15: missing type in composite literal"
level=error msg="[linters context] typechecking error: C:\\SOURCE\\erigon\\erigon-alpha\\cmd\\rpcdaemon22\\rpcdaemontest\\test_util.go:73:3: address declared but not used"
level=error msg="[linters context] typechecking error: C:\\SOURCE\\erigon\\erigon-alpha\\cmd\\rpcdaemon22\\rpcdaemontest\\test_util.go:74:3: address1 declared but not used"
level=error msg="[linters context] typechecking error: C:\\SOURCE\\erigon\\erigon-alpha\\cmd\\rpcdaemon22\\rpcdaemontest\\test_util.go:75:3: address2 declared but not used"
level=error msg="[linters context] typechecking error: C:\\SOURCE\\erigon\\erigon-alpha\\cmd\\rpcdaemon22\\rpcdaemontest\\test_util.go:23:2: \"github.com/ledgerwatch/erigon/consensus/ethash\" imported but not used"
level=error msg="[linters context] typechecking error: C:\\SOURCE\\erigon\\erigon-alpha\\cmd\\sentry\\main.go:70:1: expected statement, found '<<'"
level=error msg="[linters context] typechecking error: C:\\SOURCE\\erigon\\erigon-alpha\\cmd\\starknet\\services\\raw_tx_generator.go:18:2: \"github.com/ledgerwatch/erigon/rlp\" imported but not used"
level=error msg="[linters context] typechecking error: C:\\SOURCE\\erigon\\erigon-alpha\\cmd\\state\\commands\\state_recon.go:378:1: expected statement, found '<<'"
level=error msg="[linters context] typechecking error: C:\\SOURCE\\erigon\\erigon-alpha\\cmd\\state\\commands\\state_recon.go:389:1: expected statement, found '>>'"
level=error msg="[linters context] typechecking error: C:\\SOURCE\\erigon\\erigon-alpha\\turbo\\mock\\txpool.go:36:25: invalid operation: cannot compare p.pool[hash] != nil (operator != not defined on untyped nil)"
level=error msg="[linters context] typechecking error: C:\\SOURCE\\erigon\\erigon-alpha\\accounts\\abi\\bind\\util_test.go:69:49: missing type in composite literal"
level=error msg="[linters context] typechecking error: C:\\SOURCE\\erigon\\erigon-alpha\\accounts\\abi\\bind\\util_test.go:119:47: missing type in composite literal"
level=error msg="[linters context] typechecking error: C:\\SOURCE\\erigon\\erigon-alpha\\accounts\\abi\\bind\\util_test.go:22:2: \"math/big\" imported but not used"
level=error msg="[linters context] typechecking error: C:\\SOURCE\\erigon\\erigon-alpha\\accounts\\abi\\bind\\backends\\simulated_test.go:119:14: missing type in composite literal"
level=error msg="[linters context] typechecking error: C:\\SOURCE\\erigon\\erigon-alpha\\accounts\\abi\\bind\\backends\\simulated_test.go:116:2: expectedBal declared but not used"
level=error msg="[linters context] typechecking error: C:\\SOURCE\\erigon\\erigon-alpha\\accounts\\abi\\bind\\backends\\simulated_test.go:371:14: missing type in composite literal"
level=error msg="[linters context] typechecking error: C:\\SOURCE\\erigon\\erigon-alpha\\accounts\\abi\\bind\\backends\\simulated_test.go:433:56: missing type in composite literal"
level=error msg="[linters context] typechecking error: C:\\SOURCE\\erigon\\erigon-alpha\\accounts\\abi\\bind\\backends\\simulated_test.go:537:56: missing type in composite literal"
level=error msg="[linters context] typechecking error: C:\\SOURCE\\erigon\\erigon-alpha\\cmd\\rpcdaemon\\commands\\net_api.go:39:23: invalid operation: cannot compare api.ethBackend == nil (operator == not defined on untyped nil)"
level=error msg="[linters context] typechecking error: C:\\SOURCE\\erigon\\erigon-alpha\\cmd\\rpcdaemon\\commands\\net_api.go:55:23: invalid operation: cannot compare api.ethBackend == nil (operator == not defined on untyped nil)"
level=error msg="[linters context] typechecking error: C:\\SOURCE\\erigon\\erigon-alpha\\cmd\\rpcdaemon\\commands\\trace_adhoc.go:391:10: \tprevious case"
level=error msg="[linters context] typechecking error: C:\\SOURCE\\erigon\\erigon-alpha\\cmd\\rpcdaemon\\commands\\eth_callMany_test.go:43:15: missing type in composite literal"
level=error msg="[linters context] typechecking error: C:\\SOURCE\\erigon\\erigon-alpha\\cmd\\rpcdaemon\\commands\\eth_callMany_test.go:44:15: missing type in composite literal"
level=error msg="[linters context] typechecking error: C:\\SOURCE\\erigon\\erigon-alpha\\cmd\\rpcdaemon\\commands\\eth_callMany_test.go:45:15: missing type in composite literal"
level=error msg="[linters context] typechecking error: C:\\SOURCE\\erigon\\erigon-alpha\\cmd\\rpcdaemon\\commands\\eth_call_test.go:310:43: missing type in composite literal"
level=error msg="[linters context] typechecking error: C:\\SOURCE\\erigon\\erigon-alpha\\cmd\\rpcdaemon\\commands\\eth_call_test.go:306:3: bankFunds declared but not used"
level=error msg="[linters context] typechecking error: C:\\SOURCE\\erigon\\erigon-alpha\\cmd\\rpcdaemon\\commands\\eth_system_test.go:69:36: missing type in composite literal"
level=error msg="[linters context] typechecking error: C:\\SOURCE\\erigon\\erigon-alpha\\cmd\\rpcdaemon\\commands\\eth_api.go:10:2: \"github.com/holiman/uint256\" imported but not used"
level=error msg="[linters context] typechecking error: C:\\SOURCE\\erigon\\erigon-alpha\\cmd\\rpcdaemon\\commands\\eth_system_test.go:5:2: \"math\" imported but not used"
level=error msg="[linters context] typechecking error: C:\\SOURCE\\erigon\\erigon-alpha\\cmd\\rpcdaemon22\\commands\\net_api.go:39:23: invalid operation: cannot compare api.ethBackend == nil (operator == not defined on untyped nil)"
level=error msg="[linters context] typechecking error: C:\\SOURCE\\erigon\\erigon-alpha\\cmd\\rpcdaemon22\\commands\\net_api.go:55:23: invalid operation: cannot compare api.ethBackend == nil (operator == not defined on untyped nil)"
level=error msg="[linters context] typechecking error: C:\\SOURCE\\erigon\\erigon-alpha\\cmd\\rpcdaemon22\\commands\\trace_adhoc.go:379:9: \tprevious case"
level=error msg="[linters context] typechecking error: C:\\SOURCE\\erigon\\erigon-alpha\\cmd\\rpcdaemon22\\commands\\eth_api.go:10:2: \"github.com/holiman/uint256\" imported but not used"
level=error msg="[linters context] typechecking error: C:\\SOURCE\\erigon\\erigon-alpha\\core\\chain_makers.go:332:18: invalid operation: cannot compare b.engine != nil (operator != not defined on untyped nil)"
level=error msg="[linters context] typechecking error: C:\\SOURCE\\erigon\\erigon-alpha\\core\\bloombits\\generator.go:74:3: base declared but not used"
level=error msg="[linters context] typechecking error: C:\\SOURCE\\erigon\\erigon-alpha\\core\\state\\database_test.go:654:14: missing type in composite literal"
level=error msg="[linters context] typechecking error: C:\\SOURCE\\erigon\\erigon-alpha\\core\\state\\database_test.go:643:3: funds declared but not used"
level=error msg="[linters context] typechecking error: C:\\SOURCE\\erigon\\erigon-alpha\\core\\state\\database_test.go:806:14: missing type in composite literal"
level=error msg="[linters context] typechecking error: C:\\SOURCE\\erigon\\erigon-alpha\\core\\state\\database_test.go:808:19: missing type in composite literal"
level=error msg="[linters context] typechecking error: C:\\SOURCE\\erigon\\erigon-alpha\\core\\state\\database_test.go:795:3: funds declared but not used"
level=error msg="[linters context] typechecking error: C:\\SOURCE\\erigon\\erigon-alpha\\core\\state\\database_test.go:938:14: missing type in composite literal"
level=error msg="[linters context] typechecking error: C:\\SOURCE\\erigon\\erigon-alpha\\core\\state\\database_test.go:925:3: funds declared but not used"
level=error msg="[linters context] typechecking error: C:\\SOURCE\\erigon\\erigon-alpha\\core\\state\\database_test.go:1394:3: address declared but not used"
level=error msg="[linters context] typechecking error: C:\\SOURCE\\erigon\\erigon-alpha\\eth\\filters\\api.go:486:8: args.BlockHash undefined (type *FilterCriteria has no field or method BlockHash)"
level=error msg="[linters context] typechecking error: C:\\SOURCE\\erigon\\erigon-alpha\\eth\\filters\\api.go:489:9: args.FromBlock undefined (type *FilterCriteria has no field or method FromBlock)"
level=error msg="[linters context] typechecking error: C:\\SOURCE\\erigon\\erigon-alpha\\eth\\filters\\api.go:493:9: args.ToBlock undefined (type *FilterCriteria has no field or method ToBlock)"
level=error msg="[linters context] typechecking error: C:\\SOURCE\\erigon\\erigon-alpha\\eth\\filters\\api.go:497:7: args.Addresses undefined (type *FilterCriteria has no field or method Addresses)"
level=error msg="[linters context] typechecking error: C:\\SOURCE\\erigon\\erigon-alpha\\eth\\filters\\api.go:509:35: args.Addresses undefined (type *FilterCriteria has no field or method Addresses)"
level=error msg="[linters context] typechecking error: C:\\SOURCE\\erigon\\erigon-alpha\\eth\\filters\\api.go:509:11: args.Addresses undefined (type *FilterCriteria has no field or method Addresses)"
level=error msg="[linters context] typechecking error: C:\\SOURCE\\erigon\\erigon-alpha\\eth\\filters\\api.go:519:9: args.Addresses undefined (type *FilterCriteria has no field or method Addresses)"
level=error msg="[linters context] typechecking error: C:\\SOURCE\\erigon\\erigon-alpha\\eth\\filters\\api.go:528:8: args.Topics undefined (type *FilterCriteria has no field or method Topics)"
level=error msg="[linters context] typechecking error: C:\\SOURCE\\erigon\\erigon-alpha\\eth\\filters\\api.go:540:10: args.Topics undefined (type *FilterCriteria has no field or method Topics)"
level=error msg="[linters context] typechecking error: C:\\SOURCE\\erigon\\erigon-alpha\\eth\\filters\\api.go:547:12: args.Topics undefined (type *FilterCriteria has no field or method Topics)"
level=error msg="[linters context] typechecking error: C:\\SOURCE\\erigon\\erigon-alpha\\eth\\filters\\api.go:555:36: args.Topics undefined (type *FilterCriteria has no field or method Topics)"
level=error msg="[linters context] typechecking error: C:\\SOURCE\\erigon\\erigon-alpha\\eth\\filters\\api.go:555:12: args.Topics undefined (type *FilterCriteria has no field or method Topics)"
level=error msg="[linters context] typechecking error: C:\\SOURCE\\erigon\\erigon-alpha\\eth\\gasprice\\gasprice_test.go:93:36: missing type in composite literal"
level=error msg="[linters context] typechecking error: C:\\SOURCE\\erigon\\erigon-alpha\\eth\\gasprice\\gasprice_test.go:21:2: \"math\" imported but not used"
level=error msg="[linters context] typechecking error: C:\\SOURCE\\erigon\\erigon-alpha\\eth\\protocols\\eth\\handler_test.go:132:39: missing type in composite literal"
level=error msg="[linters context] typechecking error: C:\\SOURCE\\erigon\\erigon-alpha\\eth\\protocols\\eth\\handler_test.go:20:2: \"math/big\" imported but not used"
level=error msg="[linters context] typechecking error: C:\\SOURCE\\erigon\\erigon-alpha\\eth\\stagedsync\\stage_headers.go:1087:23: invalid operation: cannot compare cr.blockReader != nil (operator != not defined on untyped nil)"
level=error msg="[linters context] typechecking error: C:\\SOURCE\\erigon\\erigon-alpha\\eth\\stagedsync\\stage_headers.go:1094:23: invalid operation: cannot compare cr.blockReader != nil (operator != not defined on untyped nil)"
level=error msg="[linters context] typechecking error: C:\\SOURCE\\erigon\\erigon-alpha\\eth\\stagedsync\\stage_headers.go:1102:23: invalid operation: cannot compare cr.blockReader != nil (operator != not defined on untyped nil)"
level=error msg="[linters context] typechecking error: C:\\SOURCE\\erigon\\erigon-alpha\\eth\\stagedsync\\stage_headers.go:1199:28: invalid operation: cannot compare cfg.dbEventNotifier != nil (operator != not defined on untyped nil)"
level=error msg="[linters context] typechecking error: C:\\SOURCE\\erigon\\erigon-alpha\\eth\\stagedsync\\stage_mining_exec.go:124:20: invalid operation: cannot compare current.Txs == nil (operator == not defined on untyped nil)"
level=error msg="[linters context] typechecking error: C:\\SOURCE\\erigon\\erigon-alpha\\eth\\stagedsync\\stage_mining_exec.go:127:25: invalid operation: cannot compare current.Receipts == nil (operator == not defined on untyped nil)"
level=error msg="[linters context] typechecking error: C:\\SOURCE\\erigon\\erigon-alpha\\eth\\stagedsync\\stage_log_index_test.go:39:30: missing type in composite literal"
level=error msg="[linters context] typechecking error: C:\\SOURCE\\erigon\\erigon-alpha\\eth\\stagedsync\\stage_log_index_test.go:61:30: missing type in composite literal"
level=error msg="[linters context] typechecking error: C:\\SOURCE\\erigon\\erigon-alpha\\eth\\stagedsync\\stage_log_index_test.go:68:7: missing type in composite literal"
level=error msg="[linters context] typechecking error: C:\\SOURCE\\erigon\\erigon-alpha\\eth\\stagedsync\\stage_log_index_test.go:85:30: missing type in composite literal"
level=error msg="[linters context] typechecking error: C:\\SOURCE\\erigon\\erigon-alpha\\eth\\stagedsync\\stage_log_index_test.go:85:34: missing type in composite literal"
level=error msg="[linters context] typechecking error: C:\\SOURCE\\erigon\\erigon-alpha\\eth\\stagedsync\\stage_log_index_test.go:85:38: missing type in composite literal"
level=error msg="[linters context] typechecking error: C:\\SOURCE\\erigon\\erigon-alpha\\migrations\\migrations_test.go:53:30: not enough arguments in call to migrator.Apply\n\thave (kv.RwDB, string)\n\twant (kv.RwDB, string, string)"
level=error msg="[linters context] typechecking error: C:\\SOURCE\\erigon\\erigon-alpha\\migrations\\migrations_test.go:69:29: not enough arguments in call to migrator.Apply\n\thave (kv.RwDB, string)\n\twant (kv.RwDB, string, string)"
level=error msg="[linters context] typechecking error: C:\\SOURCE\\erigon\\erigon-alpha\\migrations\\migrations_test.go:113:29: not enough arguments in call to migrator.Apply\n\thave (kv.RwDB, string)\n\twant (kv.RwDB, string, string)"
level=error msg="[linters context] typechecking error: C:\\SOURCE\\erigon\\erigon-alpha\\migrations\\migrations_test.go:131:29: not enough arguments in call to migrator.Apply\n\thave (kv.RwDB, string)\n\twant (kv.RwDB, string, string)"
level=error msg="[linters context] typechecking error: C:\\SOURCE\\erigon\\erigon-alpha\\migrations\\migrations_test.go:177:29: not enough arguments in call to migrator.Apply\n\thave (kv.RwDB, string)\n\twant (kv.RwDB, string, string)"
level=error msg="[linters context] typechecking error: C:\\SOURCE\\erigon\\erigon-alpha\\migrations\\migrations_test.go:195:29: not enough arguments in call to migrator.Apply\n\thave (kv.RwDB, string)\n\twant (kv.RwDB, string, string)"
level=error msg="[linters context] typechecking error: C:\\SOURCE\\erigon\\erigon-alpha\\migrations\\migrations_test.go:261:30: not enough arguments in call to migrator.Apply\n\thave (kv.RwDB, string)\n\twant (kv.RwDB, string, string)"
level=error msg="[linters context] typechecking error: C:\\SOURCE\\erigon\\erigon-alpha\\migrations\\migrations_test.go:287:30: not enough arguments in call to migrator.Apply\n\thave (kv.RwDB, string)\n\twant (kv.RwDB, string, string)"
level=error msg="[linters context] typechecking error: C:\\SOURCE\\erigon\\erigon-alpha\\migrations\\txs_begin_end_test.go:62:33: not enough arguments in call to migrator.Apply\n\thave (kv.RwDB, string)\n\twant (kv.RwDB, string, string)"
level=error msg="[linters context] typechecking error: C:\\SOURCE\\erigon\\erigon-alpha\\node\\node_test.go:43:32: not enough arguments in call to datadir.New\n\thave (string)\n\twant (string, string)"
level=error msg="[linters context] typechecking error: C:\\SOURCE\\erigon\\erigon-alpha\\node\\node_test.go:103:68: not enough arguments in call to datadir.New\n\thave (string)\n\twant (string, string)"
level=error msg="[linters context] typechecking error: C:\\SOURCE\\erigon\\erigon-alpha\\node\\node_test.go:113:56: not enough arguments in call to datadir.New\n\thave (string)\n\twant (string, string)"
level=error msg="[linters context] typechecking error: C:\\SOURCE\\erigon\\erigon-alpha\\node\\nodecfg\\config_test.go:38:62: not enough arguments in call to datadir.New\n\thave (string)\n\twant (string, string)"
level=error msg="[linters context] typechecking error: C:\\SOURCE\\erigon\\erigon-alpha\\node\\nodecfg\\config_test.go:47:61: not enough arguments in call to datadir.New\n\thave (string)\n\twant (string, string)"
level=error msg="[linters context] typechecking error: C:\\SOURCE\\erigon\\erigon-alpha\\node\\nodecfg\\config_test.go:65:61: not enough arguments in call to datadir.New\n\thave (string)\n\twant (string, string)"
level=error msg="[linters context] typechecking error: C:\\SOURCE\\erigon\\erigon-alpha\\node\\nodecfg\\config_test.go:99:66: not enough arguments in call to datadir.New\n\thave (string)\n\twant (string, string)"
level=error msg="[linters context] typechecking error: C:\\SOURCE\\erigon\\erigon-alpha\\params\\version.go:36:1: expected 'IDENT', found '<<'"
level=error msg="[linters context] typechecking error: C:\\SOURCE\\erigon\\erigon-alpha\\params\\version.go:47:2: expected 'IDENT', found 'if'"
level=error msg="[linters context] typechecking error: C:\\SOURCE\\erigon\\erigon-alpha\\params\\version.go:50:2: expected 'IDENT', found 'return'"
level=error msg="[linters context] typechecking error: C:\\SOURCE\\erigon\\erigon-alpha\\params\\version.go:51:1: expected 'IDENT', found '}'"
level=error msg="[linters context] typechecking error: C:\\SOURCE\\erigon\\erigon-alpha\\params\\version.go:53:1: expected 'IDENT', found 'func'"
level=error msg="[linters context] typechecking error: C:\\SOURCE\\erigon\\erigon-alpha\\params\\version.go:54:2: expected 'IDENT', found 'return'"
level=error msg="[linters context] typechecking error: C:\\SOURCE\\erigon\\erigon-alpha\\params\\version.go:58:2: expected 'IDENT', found 'return'"
level=error msg="[linters context] typechecking error: C:\\SOURCE\\erigon\\erigon-alpha\\params\\version.go:62:1: expected 'IDENT', found 'var'"
level=error msg="[linters context] typechecking error: C:\\SOURCE\\erigon\\erigon-alpha\\params\\version.go:67:1: expected 'IDENT', found 'var'"
level=error msg="[linters context] typechecking error: C:\\SOURCE\\erigon\\erigon-alpha\\params\\version.go:78:1: expected 'IDENT', found 'func'"
level=error msg="[linters context] typechecking error: C:\\SOURCE\\erigon\\erigon-alpha\\params\\version.go:80:2: expected 'IDENT', found 'if'"
level=error msg="[linters context] typechecking error: C:\\SOURCE\\erigon\\erigon-alpha\\tests\\statedb_chain_test.go:55:14: missing type in composite literal"
level=error msg="[linters context] typechecking error: C:\\SOURCE\\erigon\\erigon-alpha\\tests\\statedb_chain_test.go:44:3: funds declared but not used"
level=error msg="[linters context] typechecking error: C:\\SOURCE\\erigon\\erigon-alpha\\turbo\\stages\\blockchain_test.go:395:12: missing type in composite literal"
level=error msg="[linters context] typechecking error: C:\\SOURCE\\erigon\\erigon-alpha\\turbo\\stages\\blockchain_test.go:396:12: missing type in composite literal"
level=error msg="[linters context] typechecking error: C:\\SOURCE\\erigon\\erigon-alpha\\turbo\\stages\\blockchain_test.go:397:12: missing type in composite literal"
level=error msg="[linters context] typechecking error: C:\\SOURCE\\erigon\\erigon-alpha\\turbo\\stages\\blockchain_test.go:562:39: missing type in composite literal"
level=error msg="[linters context] typechecking error: C:\\SOURCE\\erigon\\erigon-alpha\\turbo\\stages\\blockchain_test.go:562:69: missing type in composite literal"
level=error msg="[linters context] typechecking error: C:\\SOURCE\\erigon\\erigon-alpha\\turbo\\stages\\blockchain_test.go:558:3: funds declared but not used"
level=error msg="[linters context] typechecking error: C:\\SOURCE\\erigon\\erigon-alpha\\turbo\\stages\\blockchain_test.go:559:3: deleteAddr declared but not used"
level=error msg="[linters context] typechecking error: C:\\SOURCE\\erigon\\erigon-alpha\\turbo\\stages\\blockchain_test.go:687:39: missing type in composite literal"
level=error msg="[linters context] typechecking error: C:\\SOURCE\\erigon\\erigon-alpha\\turbo\\stages\\blockchain_test.go:687:69: missing type in composite literal"
level=error msg="[linters context] typechecking error: C:\\SOURCE\\erigon\\erigon-alpha\\turbo\\stages\\blockchain_test.go:683:3: funds declared but not used"
level=error msg="[linters context] typechecking error: C:\\SOURCE\\erigon\\erigon-alpha\\turbo\\stages\\blockchain_test.go:684:3: deleteAddr declared but not used"
level=error msg="[linters context] typechecking error: C:\\SOURCE\\erigon\\erigon-alpha\\turbo\\stages\\blockchain_test.go:882:38: missing type in composite literal"
level=error msg="[linters context] typechecking error: C:\\SOURCE\\erigon\\erigon-alpha\\turbo\\stages\\blockchain_test.go:873:3: funds declared but not used"
level=error msg="[linters context] typechecking error: C:\\SOURCE\\erigon\\erigon-alpha\\turbo\\stages\\blockchain_test.go:958:43: missing type in composite literal"
level=error msg="[linters context] typechecking error: C:\\SOURCE\\erigon\\erigon-alpha\\turbo\\stages\\blockchain_test.go:952:3: bankFunds declared but not used"
level=error msg="[linters context] typechecking error: C:\\SOURCE\\erigon\\erigon-alpha\\turbo\\stages\\blockchain_test.go:1221:14: missing type in composite literal"
level=error msg="[linters context] typechecking error: C:\\SOURCE\\erigon\\erigon-alpha\\turbo\\stages\\blockchain_test.go:1223:9: missing type in composite literal"
level=error msg="[linters context] typechecking error: C:\\SOURCE\\erigon\\erigon-alpha\\turbo\\stages\\blockchain_test.go:1230:9: missing type in composite literal"
level=error msg="[linters context] typechecking error: C:\\SOURCE\\erigon\\erigon-alpha\\turbo\\stages\\blockchain_test.go:1216:3: address declared but not used"
level=error msg="[linters context] typechecking error: C:\\SOURCE\\erigon\\erigon-alpha\\turbo\\stages\\blockchain_test.go:1217:3: funds declared but not used"
level=error msg="[linters context] typechecking error: C:\\SOURCE\\erigon\\erigon-alpha\\turbo\\stages\\blockchain_test.go:1337:13: missing type in composite literal"
level=error msg="[linters context] typechecking error: C:\\SOURCE\\erigon\\erigon-alpha\\turbo\\stages\\blockchain_test.go:1339:8: missing type in composite literal"
level=error msg="[linters context] typechecking error: C:\\SOURCE\\erigon\\erigon-alpha\\turbo\\stages\\blockchain_test.go:1347:8: missing type in composite literal"
level=error msg="[linters context] typechecking error: C:\\SOURCE\\erigon\\erigon-alpha\\turbo\\stages\\blockchain_test.go:1281:3: address declared but not used"
level=error msg="[linters context] typechecking error: C:\\SOURCE\\erigon\\erigon-alpha\\turbo\\stages\\blockchain_test.go:1282:3: funds declared but not used"
level=error msg="[linters context] typechecking error: C:\\SOURCE\\erigon\\erigon-alpha\\turbo\\stages\\blockchain_test.go:1285:3: aaCode declared but not used"
level=error msg="[linters context] typechecking error: C:\\SOURCE\\erigon\\erigon-alpha\\turbo\\stages\\blockchain_test.go:1426:13: missing type in composite literal"
level=error msg="[linters context] typechecking error: C:\\SOURCE\\erigon\\erigon-alpha\\turbo\\stages\\blockchain_test.go:1428:8: missing type in composite literal"
level=error msg="[linters context] typechecking error: C:\\SOURCE\\erigon\\erigon-alpha\\turbo\\stages\\blockchain_test.go:1412:3: address declared but not used"
level=error msg="[linters context] typechecking error: C:\\SOURCE\\erigon\\erigon-alpha\\turbo\\stages\\blockchain_test.go:1413:3: funds declared but not used"
level=error msg="[linters context] typechecking error: C:\\SOURCE\\erigon\\erigon-alpha\\turbo\\stages\\blockchain_test.go:1417:3: aaCode declared but not used"
level=error msg="[linters context] typechecking error: C:\\SOURCE\\erigon\\erigon-alpha\\turbo\\stages\\blockchain_test.go:1547:13: missing type in composite literal"
level=error msg="[linters context] typechecking error: C:\\SOURCE\\erigon\\erigon-alpha\\turbo\\stages\\blockchain_test.go:1549:8: missing type in composite literal"
level=error msg="[linters context] typechecking error: C:\\SOURCE\\erigon\\erigon-alpha\\turbo\\stages\\blockchain_test.go:1557:8: missing type in composite literal"
level=error msg="[linters context] typechecking error: C:\\SOURCE\\erigon\\erigon-alpha\\turbo\\stages\\blockchain_test.go:1489:3: address declared but not used"
level=error msg="[linters context] typechecking error: C:\\SOURCE\\erigon\\erigon-alpha\\turbo\\stages\\blockchain_test.go:1490:3: funds declared but not used"
level=error msg="[linters context] typechecking error: C:\\SOURCE\\erigon\\erigon-alpha\\turbo\\stages\\blockchain_test.go:1493:3: aaCode declared but not used"
level=error msg="[linters context] typechecking error: C:\\SOURCE\\erigon\\erigon-alpha\\turbo\\stages\\blockchain_test.go:1745:13: missing type in composite literal"
level=error msg="[linters context] typechecking error: C:\\SOURCE\\erigon\\erigon-alpha\\turbo\\stages\\blockchain_test.go:1747:8: missing type in composite literal"
level=error msg="[linters context] typechecking error: C:\\SOURCE\\erigon\\erigon-alpha\\turbo\\stages\\blockchain_test.go:1749:8: missing type in composite literal"
level=error msg="[linters context] typechecking error: C:\\SOURCE\\erigon\\erigon-alpha\\turbo\\stages\\blockchain_test.go:1699:3: address declared but not used"
level=error msg="[linters context] typechecking error: C:\\SOURCE\\erigon\\erigon-alpha\\turbo\\stages\\blockchain_test.go:1700:3: funds declared but not used"
level=error msg="[linters context] typechecking error: C:\\SOURCE\\erigon\\erigon-alpha\\turbo\\stages\\blockchain_test.go:1817:14: missing type in composite literal"
level=error msg="[linters context] typechecking error: C:\\SOURCE\\erigon\\erigon-alpha\\turbo\\stages\\blockchain_test.go:1819:9: missing type in composite literal"
level=error msg="[linters context] typechecking error: C:\\SOURCE\\erigon\\erigon-alpha\\turbo\\stages\\blockchain_test.go:1851:33: missing type in composite literal"
level=error msg="[linters context] typechecking error: C:\\SOURCE\\erigon\\erigon-alpha\\turbo\\stages\\blockchain_test.go:1812:3: address declared but not used"
level=error msg="[linters context] typechecking error: C:\\SOURCE\\erigon\\erigon-alpha\\turbo\\stages\\blockchain_test.go:1813:3: funds declared but not used"
level=error msg="[linters context] typechecking error: C:\\SOURCE\\erigon\\erigon-alpha\\turbo\\stages\\blockchain_test.go:1910:12: missing type in composite literal"
level=error msg="[linters context] typechecking error: C:\\SOURCE\\erigon\\erigon-alpha\\turbo\\stages\\blockchain_test.go:1911:12: missing type in composite literal"
level=error msg="[linters context] typechecking error: C:\\SOURCE\\erigon\\erigon-alpha\\turbo\\stages\\blockchain_test.go:1913:9: missing type in composite literal"
level=error msg="[linters context] typechecking error: C:\\SOURCE\\erigon\\erigon-alpha\\turbo\\stages\\chain_makers_test.go:55:36: missing type in composite literal"
level=error msg="[linters context] typechecking error: C:\\SOURCE\\erigon\\erigon-alpha\\turbo\\stages\\genesis_test.go:132:10: missing type in composite literal"
level=error msg="[linters context] typechecking error: C:\\SOURCE\\erigon\\erigon-alpha\\turbo\\stages\\headerdownload\\header_algo_test.go:26:13: missing type in composite literal"
level=error msg="[linters context] typechecking error: C:\\SOURCE\\erigon\\erigon-alpha\\turbo\\stages\\headerdownload\\header_algo_test.go:19:2: funds declared but not used"
level=error msg="[linters context] typechecking error: C:\\SOURCE\\erigon\\erigon-alpha\\turbo\\stages\\headerdownload\\header_algo_test.go:21:2: address declared but not used"
level=warning msg="[runner] Can't run linter goanalysis_metalinter: inspect: failed to load package types: could not load export data: no export data for \"github.com/ledgerwatch/erigon/core/types\""
level=error msg="Running error: 1 error occurred:\n\t* can't run linter goanalysis_metalinter: inspect: failed to load package types: could not load export data: no export data for \"github.com/ledgerwatch/erigon/core/types\"\n\n"
make: *** [Makefile:153: lintci] Error 3
